2001.08.20 12:08 B C:\Projects\puddintater\images\abode\firsthomephotoforslideshow.jpg <-- PuddinTater /web1/tr100243/docs/images/abode firsthomephotoforslideshow.jpg
2001.08.20 12:08 B C:\Projects\puddintater\images\abode\livingroomslideshow.jpg <-- PuddinTater /web1/tr100243/docs/images/abode livingroomslideshow.jpg
2001.08.20 12:08 B C:\Projects\puddintater\images\abode\officedoorsmaller.jpg <-- PuddinTater /web1/tr100243/docs/images/abode officedoorsmaller.jpg
2001.08.20 12:08 B C:\Projects\puddintater\images\abode\slideshow2..lores.jpg <-- PuddinTater /web1/tr100243/docs/images/abode slideshow2..lores.jpg
2001.08.21 13:51 B C:\Projects\puddintater\images\abode\landmarks-facade1.gif --> 209.235.48.119 /web1/tr100243/docs/images/abode landmarks-facade1.gif
2002.07.02 13:30 B C:\Projects\puddintater\images\abode\asian_art.jpg <-- PuddinTater.com /html/images/abode asian_art.jpg
2002.07.02 13:30 B C:\Projects\puddintater\images\abode\asian_art_small.jpg <-- PuddinTater.com /html/images/abode asian_art_small.jpg
2002.07.02 13:30 B C:\Projects\puddintater\images\abode\bright_messy_kitchen.jpg <-- PuddinTater.com /html/images/abode bright_messy_kitchen.jpg
2002.07.02 13:30 B C:\Projects\puddintater\images\abode\firsthomephotoforslideshow.jpg <-- PuddinTater.com /html/images/abode firsthomephotoforslideshow.jpg
2002.07.02 13:30 B C:\Projects\puddintater\images\abode\livingroomslideshow.jpg <-- PuddinTater.com /html/images/abode livingroomslideshow.jpg
2002.07.02 13:30 B C:\Projects\puddintater\images\abode\office_Thru_door.jpg <-- PuddinTater.com /html/images/abode office_Thru_door.jpg
2002.07.02 13:30 B C:\Projects\puddintater\images\abode\office_thru_door_reduced.jpg <-- PuddinTater.com /html/images/abode office_thru_door_reduced.jpg
2002.07.02 13:30 B C:\Projects\puddintater\images\abode\officedoorsmaller.jpg <-- PuddinTater.com /html/images/abode officedoorsmaller.jpg
2002.07.02 13:30 B C:\Projects\puddintater\images\abode\salade_nicoise_large.jpg <-- PuddinTater.com /html/images/abode salade_nicoise_large.jpg
2002.07.02 13:30 B C:\Projects\puddintater\images\abode\salade_nicoise_large_reduced.jpg <-- PuddinTater.com /html/images/abode salade_nicoise_large_reduced.jpg
2002.07.02 13:30 B C:\Projects\puddintater\images\abode\salade_nicoise_small.jpg <-- PuddinTater.com /html/images/abode salade_nicoise_small.jpg
2002.07.02 13:30 B C:\Projects\puddintater\images\abode\salade_nicoise_small_reduced.jpg <-- PuddinTater.com /html/images/abode salade_nicoise_small_reduced.jpg
2002.07.02 13:30 B C:\Projects\puddintater\images\abode\slideshow2.lores.jpg <-- PuddinTater.com /html/images/abode slideshow2.lores.jpg
2002.07.02 13:30 B C:\Projects\puddintater\images\abode\zac_piano.jpg <-- PuddinTater.com /html/images/abode zac_piano.jpg
2002.07.02 13:30 B C:\Projects\puddintater\images\abode\zac_piano_reduced.jpg <-- PuddinTater.com /html/images/abode zac_piano_reduced.jpg
